Arguments: 
  C:\Program Files\nodejs\node.exe C:\Users\ISREAL\AppData\Roaming\npm\node_modules\yarn\bin\yarn.js add -D tailwindcss postcss autoprefixer gatsby-plugin-postcss

PATH: 
  C:\Python310\Scripts\;C:\Python310\;C:\Windows\system32;C:\Windows;C:\Windows\System32\Wbem;C:\Windows\System32\WindowsPowerShell\v1.0\;C:\Windows\System32\OpenSSH\;C:\ProgramData\chocolatey\bin;C:\Program Files\Git\cmd;%NVM_HOME%;%NVM_SYMLINK%;C:\Program Files\dotnet\;C:\Users\ISREAL\AppData\Roaming\npm\yarn;C:\Users\ISREAL\AppData\Roaming\npm;C:\Users\ISREAL\AppData\Local\Programs\Microsoft VS Code\bin;C:\Users\ISREAL\AppData\Roaming\npm;C:\Users\ISREAL\AppData\Roaming\nvm;C:\Program Files\nodejs;C:\Users\ISREAL\.dotnet\tools

Yarn version: 
  1.22.17

Node version: 
  14.17.5

Platform: 
  win32 x64

Trace: 
  Error: EPERM: operation not permitted, unlink 'C:\Users\ISREAL\Desktop\gatsby-test\node_modules\@lmdb\lmdb-win32-x64\node.abi83.node'

npm manifest: 
  {
    "name": "gatsby-test",
    "version": "1.0.0",
    "private": true,
    "description": "gatsby-test",
    "author": "IsraelChidera",
    "keywords": [
      "gatsby"
    ],
    "scripts": {
      "develop": "gatsby develop",
      "start": "gatsby develop",
      "build": "gatsby build",
      "serve": "gatsby serve",
      "clean": "gatsby clean"
    },
    "dependencies": {
      "gatsby": "^4.24.0",
      "react": "^18.1.0",
      "react-dom": "^18.1.0"
    }
  }

yarn manifest: 
  No manifest

Lockfile: 
  No lockfile
